<?xml version="1.0" encoding="UTF-8"?>
<!-- Generated by org.testng.reporters.JUnitReportReporter -->
<testsuite hostname="Bhavaja" failures="0" tests="4" name="runners.TestRunner" time="60.634" errors="0" timestamp="2025-09-06T16:11:53 IST" skipped="0">
  <testcase classname="runners.TestRunner" name="runScenario" time="13.074"/>
  <testcase classname="runners.TestRunner" name="runScenario" time="13.861"/>
  <testcase classname="runners.TestRunner" name="runScenario" time="20.739"/>
  <testcase classname="runners.TestRunner" name="runScenario" time="12.960"/>
</testsuite> <!-- runners.TestRunner -->
