<?xml version="1.0" encoding="UTF-8"?>
<!-- Generated by org.testng.reporters.JUnitReportReporter -->
<testsuite hostname="Bhavaja" failures="0" tests="2" name="tests.ProductsPageTest" time="15.663" errors="0" timestamp="2025-09-07T22:59:30 IST" skipped="0">
  <testcase classname="tests.ProductsPageTest" name="productDetailsTest" time="7.964"/>
  <testcase classname="tests.ProductsPageTest" name="productDetailsSearchTest" time="7.699"/>
</testsuite> <!-- tests.ProductsPageTest -->
