<?xml version="1.0" encoding="UTF-8"?>
<!-- Generated by org.testng.reporters.JUnitReportReporter -->
<testsuite hostname="Bhavaja" failures="0" tests="6" name="tests.HomePageTest" time="48.435" errors="0" timestamp="2025-09-07T22:59:30 IST" skipped="0">
  <testcase classname="tests.HomePageTest" name="verifySignUpLoginButtonClickable" time="6.246"/>
  <testcase classname="tests.HomePageTest" name="verifyCartPageNavigation" time="6.296"/>
  <testcase classname="tests.HomePageTest" name="verifyProductsPageNavigation" time="9.553"/>
  <testcase classname="tests.HomePageTest" name="verifyApiTestingPageNavigation" time="7.723"/>
  <testcase classname="tests.HomePageTest" name="verifyTestCasesPageNavigation" time="11.717"/>
  <testcase classname="tests.HomePageTest" name="verifyContactUsPageNavigation" time="6.900"/>
</testsuite> <!-- tests.HomePageTest -->
