<?xml version="1.0" encoding="UTF-8"?>
<!-- Generated by org.testng.reporters.JUnitReportReporter -->
<testsuite hostname="Bhavaja" failures="0" tests="1" name="tests.DownloadInvoicePageTest" time="5.382" errors="0" timestamp="2025-09-07T22:59:30 IST" skipped="0">
  <testcase classname="tests.DownloadInvoicePageTest" name="downloadInvoiceTest" time="5.382"/>
</testsuite> <!-- tests.DownloadInvoicePageTest -->
