<?xml version="1.0" encoding="UTF-8"?>
<!-- Generated by org.testng.reporters.JUnitReportReporter -->
<testsuite hostname="Bhavaja" failures="0" tests="1" name="tests.ContactUsPageTest" time="0.377" errors="0" timestamp="2025-09-07T22:59:30 IST" skipped="0">
  <testcase classname="tests.ContactUsPageTest" name="downloadInvoiceTest" time="0.377"/>
</testsuite> <!-- tests.ContactUsPageTest -->
