<?xml version="1.0" encoding="UTF-8"?>
<!-- Generated by org.testng.reporters.JUnitReportReporter -->
<testsuite hostname="Bhavaja" failures="0" tests="1" name="tests.CartPageTest" time="2.131" errors="0" timestamp="2025-09-07T22:59:30 IST" skipped="0">
  <testcase classname="tests.CartPageTest" name="addToCart" time="2.131"/>
</testsuite> <!-- tests.CartPageTest -->
