<?xml version="1.0" encoding="UTF-8"?>
<!-- Generated by org.testng.reporters.JUnitReportReporter -->
<testsuite hostname="Bhavaja" failures="0" tests="2" name="tests.CheckoutPageTest" time="14.361" errors="0" timestamp="2025-09-07T22:59:30 IST" skipped="0">
  <testcase classname="tests.CheckoutPageTest" name="checkoutWithLogin" time="10.647"/>
  <testcase classname="tests.CheckoutPageTest" name="checkoutWithoutLogin" time="3.714"/>
</testsuite> <!-- tests.CheckoutPageTest -->
