<?xml version="1.0" encoding="UTF-8"?>
<!-- Generated by org.testng.reporters.JUnitReportReporter -->
<testsuite hostname="Bhavaja" failures="0" tests="1" name="tests.PaymentPageTest" time="20.666" errors="0" timestamp="2025-09-07T23:07:00 IST" skipped="0">
  <testcase classname="tests.PaymentPageTest" name="paymentTest" time="20.666"/>
</testsuite> <!-- tests.PaymentPageTest -->
